mode: set
github.com/dhernandezl/awesome-api/main.go:13.13,15.44 2 0
github.com/dhernandezl/awesome-api/main.go:18.3,21.58 2 0
github.com/dhernandezl/awesome-api/main.go:15.44,17.4 1 0
github.com/dhernandezl/awesome-api/main.go:24.32,32.2 3 0
github.com/dhernandezl/awesome-api/main.go:34.65,42.2 2 0
github.com/dhernandezl/awesome-api/main.go:44.59,52.26 4 1
github.com/dhernandezl/awesome-api/main.go:65.3,65.17 1 1
github.com/dhernandezl/awesome-api/main.go:70.3,73.57 2 1
github.com/dhernandezl/awesome-api/main.go:53.10,55.14 1 0
github.com/dhernandezl/awesome-api/main.go:56.10,58.25 1 1
github.com/dhernandezl/awesome-api/main.go:59.11,61.41 1 0
github.com/dhernandezl/awesome-api/main.go:65.17,67.4 1 0
